SF:lib\firebase_options.dart
DA:18,1
DA:22,1
DA:23,1
DA:25,0
DA:27,0
DA:29,0
DA:31,0
DA:32,0
DA:37,0
LF:9
LH:3
end_of_record
SF:lib\services\date_time_service.dart
DA:5,1
DA:6,1
DA:10,1
DA:11,1
DA:12,2
DA:16,1
DA:17,1
DA:18,2
DA:22,1
DA:23,2
DA:27,1
DA:28,2
DA:32,1
DA:33,2
DA:37,1
DA:38,2
DA:45,1
DA:46,1
DA:47,1
DA:48,1
DA:56,1
DA:57,1
DA:58,3
DA:62,1
DA:63,1
DA:64,4
DA:68,1
DA:69,2
DA:73,1
DA:74,2
DA:78,1
DA:79,1
DA:80,3
DA:81,3
DA:82,3
DA:86,1
DA:87,2
DA:91,1
DA:92,2
LF:39
LH:39
end_of_record
SF:lib\services\navigation_service.dart
DA:33,0
DA:40,0
DA:41,0
DA:49,0
DA:50,0
DA:61,0
DA:65,0
DA:67,0
DA:76,0
DA:77,0
DA:84,0
DA:85,0
DA:92,0
DA:93,0
LF:14
LH:0
end_of_record
SF:lib\services\size_config.dart
DA:26,1
DA:29,1
DA:32,1
DA:35,1
DA:38,1
DA:41,1
DA:50,1
DA:51,1
DA:52,2
DA:53,2
DA:54,3
DA:55,1
DA:57,2
DA:58,2
DA:68,1
DA:69,3
DA:79,1
DA:80,3
DA:90,1
DA:91,2
DA:101,1
DA:102,4
DA:103,2
DA:113,1
DA:114,2
DA:121,1
DA:122,7
LF:27
LH:27
end_of_record
SF:lib\locator.dart
DA:7,3
DA:9,0
DA:10,0
DA:11,0
DA:12,0
DA:14,1
DA:15,3
DA:16,3
DA:17,3
DA:18,3
LF:10
LH:6
end_of_record
SF:lib\views\specific_day_screen.dart
DA:8,0
DA:10,0
DA:11,0
DA:14,0
DA:15,0
DA:16,0
DA:17,0
DA:18,0
DA:19,0
DA:20,0
DA:21,0
DA:22,0
DA:23,0
DA:24,0
DA:25,0
DA:27,0
DA:28,0
DA:29,0
DA:31,0
DA:32,0
DA:38,0
DA:40,0
DA:41,0
DA:43,0
DA:45,0
DA:46,0
DA:48,0
DA:50,0
DA:51,0
DA:52,0
DA:57,0
DA:58,0
DA:59,0
DA:60,0
DA:61,0
DA:62,0
DA:63,0
DA:64,0
DA:65,0
DA:66,0
DA:67,0
DA:68,0
DA:69,0
DA:71,0
DA:72,0
DA:77,0
DA:78,0
DA:79,0
DA:80,0
DA:83,0
DA:84,0
DA:85,0
DA:86,0
DA:88,0
DA:89,0
DA:90,0
DA:92,0
DA:93,0
DA:95,0
DA:97,0
DA:99,0
DA:101,0
DA:103,0
DA:104,0
DA:106,0
DA:107,0
DA:109,0
DA:110,0
DA:112,0
DA:113,0
DA:114,0
DA:116,0
DA:117,0
DA:119,0
DA:122,0
DA:124,0
DA:127,0
DA:130,0
DA:132,0
DA:134,0
DA:137,0
DA:141,0
DA:142,0
DA:143,0
DA:144,0
DA:146,0
DA:148,0
DA:151,0
DA:152,0
DA:153,0
DA:155,0
DA:156,0
DA:157,0
DA:158,0
DA:160,0
DA:162,0
DA:164,0
DA:183,0
DA:184,0
DA:185,0
DA:196,0
DA:197,0
DA:198,0
DA:199,0
DA:200,0
DA:202,0
DA:204,0
DA:205,0
DA:208,0
DA:211,0
DA:216,0
DA:232,0
DA:234,0
DA:235,0
DA:236,0
DA:237,0
DA:238,0
DA:239,0
DA:240,0
DA:241,0
DA:243,0
DA:244,0
DA:246,0
DA:247,0
DA:249,0
DA:252,0
DA:255,0
DA:256,0
DA:258,0
DA:260,0
DA:262,0
DA:267,0
DA:268,0
DA:269,0
DA:270,0
DA:272,0
DA:274,0
DA:275,0
DA:279,0
DA:280,0
DA:281,0
DA:282,0
DA:285,0
DA:286,0
DA:288,0
DA:290,0
LF:146
LH:0
end_of_record
SF:lib\router.dart
DA:16,1
DA:17,1
DA:18,1
DA:19,3
DA:22,1
DA:23,2
DA:24,1
DA:25,1
DA:26,2
DA:27,1
LF:10
LH:10
end_of_record
SF:lib\services\theme_service.dart
DA:9,1
DA:10,1
LF:2
LH:2
end_of_record
SF:lib\models\expense_model.dart
DA:7,1
LF:1
LH:1
end_of_record
SF:lib\view_model\specific_day_view_model.dart
DA:10,1
DA:11,3
DA:15,1
DA:17,1
DA:21,1
DA:22,2
DA:23,1
DA:27,1
DA:28,3
DA:32,1
DA:34,1
DA:38,1
DA:39,5
DA:43,1
DA:44,1
DA:45,2
DA:46,2
DA:47,5
DA:48,5
DA:49,5
DA:50,1
DA:51,1
LF:22
LH:22
end_of_record
